[35m[Appium][39m Welcome to Appium v1.18.0
[35m[Appium][39m Non-default server args:
[35m[Appium][39m   port: 61720
[35m[Appium][39m   loglevel: info
[35m[Appium][39m   tmpDir: /var/folders/pj/tdgwyxh90y759nk534c9prjc0000gn/T//Katalon/Appium/Temp1618978153873
[35m[Appium][39m   chromedriverPort: 61721
[35m[Appium][39m Deprecated server args:
[35m[Appium][39m   [31m--chromedriver-port[39m => --default-capabilities '{"chromedriverPort":61721}'
[35m[Appium][39m Default capabilities, which will be added to each request unless overridden by desired capabilities:
[35m[Appium][39m   chromedriverPort: 61721
[35m[Appium][39m Appium REST http interface listener started on 0.0.0.0:61720
[35m[HTTP][39m [37m-->[39m [37mGET[39m [37m/wd/hub/status[39m
[35m[HTTP][39m [90m{}[39m
[35m[HTTP][39m [37m<-- GET /wd/hub/status [39m[32m200[39m [90m9 ms - 68[39m
[35m[HTTP][39m [90m[39m
[35m[Appium][39m Received SIGTERM - shutting down
/hub/status[39m
[35m[HTTP][39m [90m{}[39m
[35m[HTTP][39m [37m<-- GET /wd/hub/status [39m[32m200[39m [90m2 ms - 68[39m
[35m[HTTP][39m [90m[39m
[35m[HTTP][39m [37m-->[39m [37mPOST[39m [37m/wd/hub/session[39m
[35m[HTTP][39m [90m{"desiredCapabilities":{"app":"/Users/mosaj/katalon/IPA/M2ULifeDEV.ipa","noReset":true,"deviceId":"c7227b323a212ec03176afb9c567f84a98b3d800","deviceName":"Old iphone","fullReset":false,"wdaLocalPort":61734,"newCommandTimeout":1800,"realDeviceLogger":"/Applications/Katalon Studio.app/Contents/Eclipse/configuration/resources/tools/deviceconsole","platformVersion":"12.4.8","automationName":"XCUITest","waitForAppScript":"true;","platformName":"iOS","udid":"c7227b323a212ec03176afb9c567f84a98b3d800"},"capabilities":{"firstMatch":[{"appium:app":"/Users/mosaj/katalon/IPA/M2ULifeDEV.ipa","appium:automationName":"XCUITest","deviceId":"c7227b323a212ec03176afb9c567f84a98b3d800","appium:deviceName":"Old iphone","appium:fullReset":false,"appium:newCommandTimeout":1800,"appium:noReset":true,"platformName":"ios","appium:platformVersion":"12.4.8","realDeviceLogger":"/Applications/Katalon Studio.app/Contents/Eclipse/configuration/resources/tools/deviceconsole","appium:udid":"c7227b323a212ec03176afb9c567f84a98b3d800","appium...[39m
[35m[BaseDriver][39m The following capabilities are not standard capabilities and should have an extension prefix:
[35m[BaseDriver][39m   deviceId
[35m[BaseDriver][39m   realDeviceLogger
[35m[BaseDriver][39m   chromedriverPort
[35m[Appium][39m Appium v1.18.0 creating new XCUITestDriver (v3.25.0) session
[35m[BaseDriver][39m The following capabilities were provided, but are not recognized by Appium:
[35m[BaseDriver][39m   deviceId
[35m[BaseDriver][39m   chromedriverPort
[35m[BaseDriver][39m Session created with session id: b9ec95d4-2f36-4e6d-b1cc-45cdedaeab9a
[35m[XCUITest][39m Determining device to run tests on: udid: 'c7227b323a212ec03176afb9c567f84a98b3d800', real device: true
[35m[XCUITest][39m Normalized platformVersion capability value '12.4.8' to '12.4'
[35m[BaseDriver][39m Using local app '/Users/mosaj/katalon/IPA/M2ULifeDEV.ipa'
[35m[BaseDriver][39m Unzipped local app to '/var/folders/pj/tdgwyxh90y759nk534c9prjc0000gn/T/Katalon/Appium/Temp1618978153873/2021321-17743-56juzf.dd1ss/M2ULife Development.app'
[35m[WebDriverAgent][39m Using WDA path: '/usr/local/lib/node_modules/appium/node_modules/appium-webdriveragent'
[35m[WebDriverAgent][39m Using WDA agent: '/usr/local/lib/node_modules/appium/node_modules/appium-webdriveragent/WebDriverAgent.xcodeproj'
[35m[XCUITest][39m Setting up real device
[35m[DevCon Factory][39m Requesting connection for device c7227b323a212ec03176afb9c567f84a98b3d800 on local port 61734, device port 61734
[35m[DevCon Factory][39m Successf[35m[Appium][39m Received SIGTERM - shutting down
76afb9c567f84a98b3d800:61734
[35m[WD Proxy][39m socket hang up
[35m[WebDriverAgent][39m Launching WebDriverAgent on the device
[35m[WebDriverAgent][39m Fetching dependencies
[35m[WebDriverAgent][39m Dependencies up-to-date
[35m[WD Proxy][39m socket[35m[Appium][39m Received SIGTERM - shutting down
D Proxy][39m socket hang up
[35m[WD Proxy][39m socket hang up
[35m[WD Proxy][39m socket hang up
[35m[WD Proxy][39m socket hang up
[35m[WD Proxy][39m socket hang up
[35m[WD Proxy][39m socket hang up
[35m[WD Proxy][39m socket hang up
[35m[WD Proxy][39m socket hang up
[35m[WD Proxy][39m socket hang up
[35m[WD Proxy][39m socket hang up
[35m[WD Proxy][39m socket hang up
[35m[WD Proxy][39m socket hang up
[35m[WD Proxy][39m socket hang up
[35m[WD Proxy][39m socket hang up
[35m[WD Proxy][39m socket hang up
[35m[WD Proxy][39m socket hang up
[35m[WD Proxy][39m socket hang up
[35m[WD Proxy][39m socket hang up
[35m[WD Proxy][39m Determined the downstream protocol as 'W3C'
[35m[XCUITest][39m Skipping setting of the initial display orientation. Set the "orientation" capability to either "LANDSCAPE" or "PORTRAIT", if this is an undesired behavior.
[35m[Appium][39m New XCUITestDriver session created successfully, session b9ec95d4-2f36-4e6d-b1cc-45cdedaeab9a added to master session list
[35m[HTTP][39m [37m<-- POST /wd/hub/session [39m[32m200[39m [90m46597 ms - 775[39m
[35m[HTTP][39m [90m[39m
[35m[HTTP][39m [37m-->[39m [37mGET[39m [37m/wd/hub/session/b9ec95d4-2f36-4e6d-b1cc-45cdedaeab9a[39m
[35m[HTTP][39m [90m{}[39m
[35m[XCUITest][39m Merging WDA caps over Appium caps for session detail response
[35m[HTTP][39m [37m<-- GET /wd/hub/session/b9ec95d4-2f36-4e6d-b1cc-45cdedaeab9a [39m[32m200[39m [90m1093 ms - 716[39m
[35m[HTTP][39m [90m[39m
[35m[HTTP][39m [37m-->[39m [37mGET[39m [37m/wd/hub/session/b9ec95d4-2f36-4e6d-b1cc-45cdedaeab9a[39m
[35m[HTTP][39m [90m{}[39m
[35m[XCUITest][39m Merging WDA caps over Appium caps for session detail response
[35m[HTTP][39m [37m<-- GET /wd/hub/session/b9ec95d4-2f36-4e6d-b1cc-45cdedaeab9a [39m[32m200[39m [90m2 ms - 716[39m
[35m[HTTP][39m [90m[39m
[35m[HTTP][39m [37m-->[39m [37mGET[39m [37m/wd/hub/status[39m
[35m[HTTP][39m [90m{}[39m
[35m[HTTP][39m [37m<-- GET /wd/hub/status [39m[32m200[39m [90m1 ms - 68[39m
[35m[HTTP][39m [90m[39m
[35m[HTTP][39m [37m-->[39m [37mPOST[39m [37m/wd/hub/session/b9ec95d4-2f36-4e6d-b1cc-45cdedaeab9a/timeouts[39m
[35m[HTTP][39m [90m{"implicit":60000}[39m
[35m[HTTP][39m [37m<-- POST /wd/hub/session/b9ec95d4-2f36-4e6d-b1cc-45cdedaeab9a/timeouts [39m[32m200[39m [90m6 ms - 14[39m
[35m[HTTP][39m [90m[39m
[35m[HTTP][39m [37m-->[39m [37mGET[39m [37m/wd/hub/session/b9ec95d4-2f36-4e6d-b1cc-45cdedaeab9a/source[39m
[35m[HTTP][39m [90m{}[39m
[35m[HTTP][39m [37m<-- GET /wd/hub/session/b9ec95d4-2f36-4e6d-b1cc-45cdedaeab9a/source [39m[32m200[39m [90m4749 ms - 7459[39m
[35m[HTTP][39m [90m[39m
[35m[HTTP][39m [37m-->[39m [37mGET[39m [37m/wd/hub/session/b9ec95d4-2f36-4e6d-b1cc-45cdedaeab9a/screenshot[39m
[35m[HTTP][39m [90m{}[39m
[35m[HTTP][39m [37m<-- GET /wd/hub/session/b9ec95d4-2f36-4e6d-b1cc-45cdedaeab9a/screenshot [39m[32m200[39m [90m357 ms - 1138632[39m
[35m[HTTP][39m [90m[39m
[35m[HTTP][39m [37m-->[39m [37mDELETE[39m [37m/wd/hub/session/b9ec95d4-2f36-4e6d-b1cc-45cdedaeab9a[39m
[35m[HTTP][39m [90m{}[39m
[35m[Appium][39m Removing session b9ec95d4-2f36-4e6d-b1cc-45cdedaeab9a from our master session list
[35m[DevCon Factory][39m Releasing connections for c7227b323a212ec03176afb9c567f84a98b3d800 device on any port number
[35m[DevCon Factory][39m Found cached connections to release: ["c7227b323a212ec03176afb9c567f84a98b3d800:61734"]
[35m[DevCon Factory][39m Releasing the listener for 'c7227b323a212ec03176afb9c567f84a98b3d800:61734'
[35m[HTTP][39m [37m<-- DELETE /wd/hub/session/b9ec95d4-2f36-4e6d-b1cc-45cdedaeab9a [39m[32m200[39m [90m1115 ms - 14[39m
[35m[HTTP][39m [90m[39m
